"../../../../../../Users/digit/Desktop/vrcade/Content/Materials/M_skeeballMain.uasset" 0
"../../../../../../Users/digit/Desktop/vrcade/Content/Meshes/CubeMaterial.uasset" 1
"../../../../../../Users/digit/Desktop/vrcade/Content/Meshes/1M_Cube.uasset" 2
"../../../../../../Users/digit/Desktop/vrcade/Content/Meshes/1M_Cube_Chamfer.uasset" 3
"../../../../../../Users/digit/Desktop/vrcade/Content/Meshes/skeeball/skeeballMat.uasset" 4
"../../../../../../Users/digit/Desktop/vrcade/Content/Meshes/skeeball/SM_skeeball00_ball.uasset" 5
"../../../../../../Users/digit/Desktop/vrcade/Content/VirtualReality/Materials/M_BaseMaterial.uasset" 6
"../../../../../../Users/digit/Desktop/vrcade/Content/VirtualReality/Materials/MI_BaseMaterial2.uasset" 7
"../../../../../../Users/digit/Desktop/vrcade/Content/VirtualReality/Materials/MI_BaseMaterial3.uasset" 8
"../../../../../../Users/digit/Desktop/vrcade/Content/VirtualReality/Materials/GenericHMDMaterial.uasset" 9
"../../../../../../Users/digit/Desktop/vrcade/Content/VirtualReality/Meshes/GenericHMD.uasset" 10
"../../../../../../Users/digit/Desktop/vrcade/Content/VirtualRealityBP/Blueprints/PickupActorInterface.uasset" 11
"../../../../../../Users/digit/Desktop/vrcade/Content/Materials/Physics/Slippery.uasset" 12
"../../../../../../Users/digit/Desktop/vrcade/Content/VirtualReality/Materials/MI_SmallCubes.uasset" 13
"../../../Engine/Content/Functions/Engine_MaterialFunctions01/Opacity/CameraDepthFade.uasset" 14
"../../../Engine/Content/EngineMaterials/T_Default_Material_Grid_M.uasset" 15
"../../../Engine/Content/EngineMaterials/T_Default_Material_Grid_N.uasset" 16
"../../../Engine/Content/EngineMaterials/DefaultMaterial.uasset" 17
"../../../Engine/Content/BasicShapes/Sphere.uasset" 18
"../../../../../../Users/digit/Desktop/vrcade/Content/Blueprints/BP_PickupBall.uasset" 19
"../../../../../../Users/digit/Desktop/vrcade/Content/VirtualRealityBP/Blueprints/BP_PickupCube.uasset" 20
"../../../Engine/Content/Functions/Engine_MaterialFunctions02/Utility/BreakOutFloat2Components.uasset" 21
"../../../Engine/Content/Functions/Engine_MaterialFunctions01/Texturing/ScaleUVsByCenter.uasset" 22
"../../../Engine/Content/Functions/Engine_MaterialFunctions02/ScreenResolution.uasset" 23
"../../../Engine/Content/Functions/Engine_MaterialFunctions02/Texturing/ScreenAlignedUVs.uasset" 24
"../../../Engine/Content/Functions/Engine_MaterialFunctions02/Utility/CameraDirectionVector.uasset" 25
"../../../Engine/Content/Functions/Engine_MaterialFunctions02/Utility/DepthFromWorldPosition.uasset" 26
"../../../../../../Users/digit/Desktop/vrcade/Content/VirtualReality/Materials/MF_OccludedPixels.uasset" 27
"../../../../../../Users/digit/Desktop/vrcade/Content/VirtualReality/Materials/TeleportMCP.uasset" 28
"../../../Engine/Content/EngineMaterials/Good64x64TilingNoiseHighFreq.uasset" 29
"../../../../../../Users/digit/Desktop/vrcade/Content/VirtualReality/Materials/M_ArcEndpoint.uasset" 30
"../../../../../../Users/digit/Desktop/vrcade/Content/VirtualReality/Materials/M_TeleportPreviews.uasset" 31
"../../../../../../Users/digit/Desktop/vrcade/Content/VirtualReality/Materials/MI_TeleportCylinderPreview.uasset" 32
"../../../Engine/Content/BasicShapes/Cylinder.uasset" 33
"../../../Engine/Content/EngineMaterials/WorldGridMaterial.uasset" 34
"../../../../../../Users/digit/Desktop/vrcade/Content/VirtualReality/Meshes/BeaconDirection.uasset" 35
"../../../../../../Users/digit/Desktop/vrcade/Content/VirtualReality/Meshes/SM_FatCylinder.uasset" 36
"../../../../../../Users/digit/Desktop/vrcade/Content/VirtualRealityBP/Blueprints/HMDLocomotionPawn.uasset" 37
"../../../Engine/Content/Animation/DefaultAnimBoneCompressionSettings.uasset" 38
"../../../Engine/Content/Animation/DefaultAnimCurveCompressionSettings.uasset" 39
"../../../Engine/Content/ArtTools/RenderToTexture/Meshes/S_1_Unit_Plane.uasset" 40
"../../../Engine/Content/BasicShapes/Cone.uasset" 41
"../../../Engine/Content/EditorLandscapeResources/DataLayer.uasset" 42
"../../../Engine/Content/EditorMaterials/MAT_Groups_Toggle.uasset" 43
"../../../Engine/Content/EditorMaterials/MAT_Groups_Visibility.uasset" 44
"../../../Engine/Content/EditorMaterials/PreviewShadowIndicator.uasset" 45
"../../../Engine/Content/EditorMaterials/PreviewShadowIndicatorMaterial.uasset" 46
"../../../Engine/Content/EditorMaterials/MatineeGroups/MAT_ColorTrack.uasset" 47
"../../../Engine/Content/EditorMaterials/MatineeGroups/MAT_Groups_Anim.uasset" 48
"../../../Engine/Content/EditorMaterials/MatineeGroups/MAT_Groups_AudioMaster.uasset" 49
"../../../Engine/Content/EditorMaterials/MatineeGroups/MAT_Groups_Director.uasset" 50
"../../../Engine/Content/EditorMaterials/MatineeGroups/MAT_Groups_Event.uasset" 51
"../../../Engine/Content/EditorMaterials/MatineeGroups/MAT_Groups_Fade.uasset" 52
"../../../Engine/Content/EditorMaterials/MatineeGroups/MAT_Groups_Float.uasset" 53
"../../../Engine/Content/EditorMaterials/MatineeGroups/MAT_Groups_Move.uasset" 54
"../../../Engine/Content/EditorMaterials/MatineeGroups/MAT_Groups_Slomo.uasset" 55
"../../../Engine/Content/EditorMaterials/MatineeGroups/MAT_Groups_Sound.uasset" 56
"../../../Engine/Content/EditorMaterials/MatineeGroups/MAT_Groups_Vector.uasset" 57
"../../../Engine/Content/EditorMaterials/ParticleSystems/PSysThumbnail_NoImage.uasset" 58
"../../../Engine/Content/EditorMaterials/ParticleSystems/PSysThumbnail_OOD.uasset" 59
"../../../Engine/Content/EditorMaterials/Camera/CineMat.uasset" 60
"../../../Engine/Content/EditorMaterials/Camera/MI_CineMat_Rig.uasset" 61
"../../../Engine/Content/EditorMeshes/Camera/SM_CraneRig_Arm.uasset" 62
"../../../Engine/Content/EditorMeshes/Camera/SM_CraneRig_Base.uasset" 63
"../../../Engine/Content/EditorMeshes/Camera/SM_CraneRig_Body.uasset" 64
"../../../Engine/Content/EditorMeshes/Camera/SM_CraneRig_Mount.uasset" 65
"../../../Engine/Content/EditorMeshes/Camera/SM_RailRig_Mount.uasset" 66
"../../../Engine/Content/EditorMeshes/Camera/SM_RailRig_Track.uasset" 67
"../../../Engine/Content/EditorResources/BSPVertex.uasset" 68
"../../../Engine/Content/EditorResources/EmptyActor.uasset" 69
"../../../Engine/Content/EditorResources/S_Actor.uasset" 70
"../../../Engine/Content/EditorResources/S_Note.uasset" 71
"../../../Engine/Content/EditorResources/S_Solver.uasset" 72
"../../../Engine/Content/EditorResources/S_Trigger.uasset" 73
"../../../Engine/Content/EditorResources/AudioIcons/S_AudioComponent.uasset" 74
"../../../Engine/Content/EditorResources/LightIcons/S_LightError.uasset" 75
"../../../Engine/Content/EditorResources/SequenceRecorder/Countdown.uasset" 76
"../../../Engine/Content/EditorResources/SequenceRecorder/RecordingIndicator.uasset" 77
"../../../Engine/Content/EditorSounds/Notifications/CompileFailed.uasset" 78
"../../../Engine/Content/EditorSounds/Notifications/CompileFailed_Cue.uasset" 79
"../../../Engine/Content/EditorSounds/Notifications/CompileSuccess.uasset" 80
"../../../Engine/Content/EditorSounds/Notifications/CompileStart_Cue.uasset" 81
"../../../Engine/Content/EditorSounds/Notifications/CompileSuccess_Cue.uasset" 82
"../../../Engine/Content/EngineDamageTypes/DmgTypeBP_Environmental.uasset" 83
"../../../Engine/Content/EngineDebugMaterials/DebugEditorMaterial.uasset" 84
"../../../Engine/Content/EngineDebugMaterials/DebugMeshMaterial.uasset" 85
"../../../Engine/Content/EngineDebugMaterials/M_SimpleUnlitTranslucent.uasset" 86
"../../../Engine/Content/EngineDebugMaterials/VolumeToRender.uasset" 87
"../../../Engine/Content/EngineDebugMaterials/M_VolumeRenderSphereTracePP.uasset" 88
"../../../Engine/Content/EngineDebugMaterials/WireframeMaterial.uasset" 89
"../../../Engine/Content/EngineFonts/Faces/DroidSansFallback.uasset" 90
"../../../Engine/Content/EngineFonts/Faces/RobotoBold.uasset" 91
"../../../Engine/Content/EngineFonts/Faces/RobotoBoldItalic.uasset" 92
"../../../Engine/Content/EngineFonts/Faces/RobotoItalic.uasset" 93
"../../../Engine/Content/EngineFonts/Faces/RobotoLight.uasset" 94
"../../../Engine/Content/EngineFonts/Faces/RobotoRegular.uasset" 95
"../../../Engine/Content/EngineFonts/Roboto.uasset" 96
"../../../Engine/Content/EngineMaterials/BaseFlattenDiffuseMap.uasset" 97
"../../../Engine/Content/EngineMaterials/BaseFlattenEmissiveMap.uasset" 98
"../../../Engine/Content/EngineMaterials/BaseFlattenGrayscaleMap.uasset" 99
"../../../Engine/Content/EngineMaterials/BaseFlattenNormalMap.uasset" 100
"../../../Engine/Content/EngineMaterials/BaseFlattenMaterial.uasset" 101
"../../../Engine/Content/EngineMaterials/BlueNoise.uasset" 102
"../../../Engine/Content/EngineMaterials/DefaultBloomKernel.uasset" 103
"../../../Engine/Content/EngineMaterials/DefaultBokeh.uasset" 104
"../../../Engine/Content/EngineMaterials/DefaultDiffuse.uasset" 105
"../../../Engine/Content/EngineMaterials/DefaultDeferredDecalMaterial.uasset" 106
"../../../Engine/Content/EngineMaterials/DefaultLightFunctionMaterial.uasset" 107
"../../../Engine/Content/EngineMaterials/DefaultPhysicalMaterial.uasset" 108
"../../../Engine/Content/EngineMaterials/DefaultPostProcessMaterial.uasset" 109
"../../../Engine/Content/EngineFonts/RobotoDistanceField.uasset" 110
"../../../Engine/Content/EngineMaterials/DefaultTextMaterialOpaque.uasset" 111
"../../../Engine/Content/EngineMaterials/DefaultWhiteGrid.uasset" 112
"../../../Engine/Content/EngineMaterials/DefaultWhiteGrid_Low.uasset" 113
"../../../Engine/Content/EngineMaterials/EmissiveMeshMaterial.uasset" 114
"../../../Engine/Content/EngineMaterials/GizmoMaterial.uasset" 115
"../../../Engine/Content/EngineMaterials/MiniFont.uasset" 116
"../../../Engine/Content/EngineMaterials/InvalidLightmapSettings.uasset" 117
"../../../Engine/Content/EngineMaterials/M_InvalidLightmapSettings.uasset" 118
"../../../Engine/Content/Functions/Engine_MaterialFunctions02/WorldPositionOffset/CameraOffset.uasset" 119
"../../../Engine/Content/EngineMaterials/PhAT_JointLimitMaterial.uasset" 120
"../../../Engine/Content/EngineMaterials/PreintegratedSkinBRDF.uasset" 121
"../../../Engine/Content/EngineMaterials/RemoveSurfaceMaterial.uasset" 122
"../../../Engine/Content/EngineMaterials/WeightMapPlaceholderTexture.uasset" 123
"../../../Engine/Content/EngineResources/WhiteSquareTexture.uasset" 124
"../../../Engine/Content/EngineMaterials/Widget3DPassThrough.uasset" 125
"../../../Engine/Content/EngineMaterials/Widget3DPassThrough_Masked.uasset" 126
"../../../Engine/Content/EngineMaterials/Widget3DPassThrough_Opaque.uasset" 127
"../../../Engine/Content/EngineMaterials/Widget3DPassThrough_Masked_OneSided.uasset" 128
"../../../Engine/Content/EngineMaterials/Widget3DPassThrough_Opaque_OneSided.uasset" 129
"../../../Engine/Content/EngineMaterials/Widget3DPassThrough_Translucent.uasset" 130
"../../../Engine/Content/EngineMaterials/Widget3DPassThrough_Translucent_OneSided.uasset" 131
"../../../Engine/Content/EngineMeshes/Cube.uasset" 132
"../../../Engine/Content/EngineMeshes/Cylinder.uasset" 133
"../../../Engine/Content/EngineMeshes/Sphere.uasset" 134
"../../../Engine/Content/EngineResources/Black.uasset" 135
"../../../Engine/Content/EngineResources/DefaultTexture.uasset" 136
"../../../Engine/Content/EngineResources/DefaultTextureCube.uasset" 137
"../../../Engine/Content/EngineResources/DefaultVolumeTexture2D.uasset" 138
"../../../Engine/Content/EngineResources/DefaultVolumeTexture.uasset" 139
"../../../Engine/Content/EngineResources/GradientTexture0.uasset" 140
"../../../Engine/Content/EngineSounds/Master.uasset" 141
"../../../Engine/Content/Functions/Engine_MaterialFunctions01/Shading/ConvertFromDiffSpec.uasset" 142
"../../../Engine/Content/Functions/Engine_MaterialFunctions01/Shading/PowerToRoughness.uasset" 143
"../../../Engine/Content/Maps/Templates/Thumbnails/Default.uasset" 144
"../../../Engine/Content/Maps/Templates/Thumbnails/TimeOfDay.uasset" 145
"../../../Engine/Content/Maps/Templates/Thumbnails/VR-Basic.uasset" 146
"../../../Engine/Content/MobileResources/T_MobileControls_texture.uasset" 147
"../../../Engine/Content/MobileResources/T_MobileMenu2.uasset" 148
"../../../Engine/Content/MobileResources/HUD/AnalogHat.uasset" 149
"../../../Engine/Content/MobileResources/HUD/VirtualJoystick_Background.uasset" 150
"../../../Engine/Content/MobileResources/HUD/VirtualJoystick_Thumb.uasset" 151
"../../../Engine/Content/MobileResources/HUD/DefaultVirtualJoysticks.uasset" 152
"../../../Engine/Content/MobileResources/HUD/LeftVirtualJoystickOnly.uasset" 153
"../../../Engine/Content/MobileResources/HUD/MobileHUDButton1_off.uasset" 154
"../../../Engine/Content/MobileResources/HUD/MobileHUDButton1_on.uasset" 155
"../../../Engine/Content/MobileResources/HUD/MobileHUDButton2_off.uasset" 156
"../../../Engine/Content/MobileResources/HUD/MobileHUDButton2_on.uasset" 157
"../../../Engine/Content/MobileResources/HUD/MobileHUDButton3.uasset" 158
"../../../Engine/Content/MobileResources/HUD/MobileHUDButtonFire.uasset" 159
"../../../Engine/Content/MobileResources/HUD/MobileHUDDirectionPad.uasset" 160
"../../../Engine/Content/MobileResources/HUD/MobileHUDDirectionPad2.uasset" 161
"../../../Engine/Content/MobileResources/HUD/MobileHUDDirectionPad3.uasset" 162
"../../../Engine/Content/MobileResources/HUD/MobileHUDDirectionStick.uasset" 163
"../../../Engine/Content/MobileResources/HUD/T_Castle_ThumbstickInner.uasset" 164
"../../../Engine/Content/MobileResources/HUD/T_Castle_ThumbstickOutter.uasset" 165
"../../../Engine/Content/Tutorial/ContentIntroCurve.uasset" 166
"../../../Engine/Content/Tutorial/Basics/LevelEditorAttract.uasset" 167
"../../../Engine/Content/Tutorial/Basics/TutorialAssets/icon_tab_Levels_40x.uasset" 168
"../../../Engine/Content/Tutorial/Basics/LevelEditorOverview.uasset" 169
"../../../Engine/Content/Tutorial/BlueprintTutorials/TutorialAssets/Blueprint_64x.uasset" 170
"../../../Engine/Content/Tutorial/BlueprintTutorials/BlueprintEditorTutorial.uasset" 171
"../../../Engine/Content/Tutorial/BlueprintTutorials/LevelBlueprintEditorOverview.uasset" 172
"../../../Engine/Content/Tutorial/SubEditors/StaticMeshEditorTutorial.uasset" 173
"../../../Engine/Content/VREditor/LaserPointer/VR_LaserPower_01.uasset" 174
"../../../Engine/Content/VREditor/TransformGizmo/TransformGizmoMaterial.uasset" 175
"../../../Engine/Content/VREditor/TransformGizmo/TranslucentTransformGizmoMaterial.uasset" 176
"../../../Engine/Content/VREditor/TransformGizmo/BoundingBoxCorner.uasset" 177
"../../../Engine/Content/VREditor/TransformGizmo/BoundingBoxEdge.uasset" 178
"../../../Engine/Content/VREditor/TransformGizmo/PlaneTranslationHandle.uasset" 179
"../../../Engine/Content/VREditor/TransformGizmo/Main.uasset" 180
"../../../Engine/Content/VREditor/TransformGizmo/Xray.uasset" 181
"../../../Engine/Content/VREditor/TransformGizmo/SM_Sequencer_Key.uasset" 182
"../../../Engine/Content/VREditor/TransformGizmo/SM_Sequencer_Node.uasset" 183
"../../Plugins/2D/Paper2D/Content/PlaceholderTextures/DummySpriteTexture.uasset" 184
"../../Plugins/2D/Paper2D/Content/DummySprite.uasset" 185
"../../Plugins/2D/Paper2D/Content/DefaultPaperTerrainMaterial.uasset" 186
"../../Plugins/2D/Paper2D/Content/DefaultSpriteMaterial.uasset" 187
"../../Plugins/2D/Paper2D/Content/MaskedUnlitSpriteMaterial.uasset" 188
"../../Plugins/2D/Paper2D/Content/OpaqueUnlitSpriteMaterial.uasset" 189
"../../Plugins/FX/Niagara/Content/Enums/ENiagaraBooleanLogicOps.uasset" 190
"../../Plugins/FX/Niagara/Content/Enums/ENiagaraCoordinateSpace.uasset" 191
"../../Plugins/FX/Niagara/Content/Enums/ENiagaraExpansionMode.uasset" 192
"../../Plugins/FX/Niagara/Content/Enums/ENiagaraOrientationAxis.uasset" 193
"../../Plugins/FX/Niagara/Content/Enums/ENiagaraRandomnessMode.uasset" 194
"../../../Engine/Content/Functions/Engine_MaterialFunctions02/Utility/BreakOutFloat4Components.uasset" 195
"../../../Engine/Content/Functions/Engine_MaterialFunctions02/Utility/MakeFloat2.uasset" 196
"../../../Engine/Content/Functions/Engine_MaterialFunctions02/Utility/MakeFloat3.uasset" 197
"../../Plugins/Runtime/Oculus/OculusVR/Content/Materials/OculusMR_ChromaKey.uasset" 198
"../../Plugins/Runtime/Oculus/OculusVR/Content/Materials/OculusMR_ChromaKey_Lit.uasset" 199
"../../Plugins/Runtime/Oculus/OculusVR/Content/Materials/OculusMR_OpaqueColoredMaterial.uasset" 200
"../../Plugins/Runtime/Oculus/OculusVR/Content/Materials/OculusMR_WhiteMaterial.uasset" 201
"../../../../../../Users/digit/Desktop/vrcade/Content/VirtualReality/Mannequin/Character/Mesh/MannequinHand_Right_Skeleton.uasset" 202
"../../../../../../Users/digit/Desktop/vrcade/Content/VirtualReality/Mannequin/Animations/MannequinHand_Right_CanGrab.uasset" 203
"../../../../../../Users/digit/Desktop/vrcade/Content/VirtualReality/Mannequin/Animations/MannequinHand_Right_Grab.uasset" 204
"../../../../../../Users/digit/Desktop/vrcade/Content/VirtualReality/Mannequin/Animations/MannequinHand_Right_Open.uasset" 205
"../../../../../../Users/digit/Desktop/vrcade/Content/VirtualReality/Mannequin/Animations/RightGrip_BS.uasset" 206
"../../../../../../Users/digit/Desktop/vrcade/Content/VirtualRealityBP/Blueprints/GripEnum.uasset" 207
"../../../../../../Users/digit/Desktop/vrcade/Content/VirtualReality/Mannequin/Animations/RightHand_AnimBP.uasset" 208
"../../../Engine/Content/EditorBlueprintResources/StandardMacros.uasset" 209
"../../../Engine/Content/BasicShapes/BasicShapeMaterial.uasset" 210
"../../../Engine/Content/BasicShapes/Cube.uasset" 211
"../../../../../../Users/digit/Desktop/vrcade/Content/Blueprints/BP_ButtonParent.uasset" 212
"../../../../../../Users/digit/Desktop/vrcade/Content/Blueprints/BP_ResetButton.uasset" 213
"../../../../../../Users/digit/Desktop/vrcade/Content/Materials/M_Menu.uasset" 214
"../../../Engine/Content/BasicShapes/Plane.uasset" 215
"../../../../../../Users/digit/Desktop/vrcade/Content/Blueprints/BP_Menu.uasset" 216
"../../../../../../Users/digit/Desktop/vrcade/Content/VirtualRealityBP/Blueprints/MotionControllerHaptics.uasset" 217
"../../../../../../Users/digit/Desktop/vrcade/Content/VirtualReality/Materials/M_SplineArcMat.uasset" 218
"../../../../../../Users/digit/Desktop/vrcade/Content/VirtualReality/Materials/MI_ChaperoneOutline.uasset" 219
"../../../../../../Users/digit/Desktop/vrcade/Content/VirtualReality/Mannequin/Character/Textures/UE4_Mannequin__normals.uasset" 220
"../../../../../../Users/digit/Desktop/vrcade/Content/VirtualReality/Mannequin/Character/Textures/UE4_Mannequin_MAT_MASKA.uasset" 221
"../../../../../../Users/digit/Desktop/vrcade/Content/VirtualReality/Mannequin/Character/Materials/M_HandMat.uasset" 222
"../../../../../../Users/digit/Desktop/vrcade/Content/VirtualReality/Mannequin/Character/Mesh/MannequinHand_Right_PhysicsAsset.uasset" 223
"../../../../../../Users/digit/Desktop/vrcade/Content/VirtualReality/Mannequin/Character/Mesh/MannequinHand_Right.uasset" 224
"../../../../../../Users/digit/Desktop/vrcade/Content/VirtualReality/Meshes/1x1_cube.uasset" 225
"../../../../../../Users/digit/Desktop/vrcade/Content/VirtualReality/Meshes/BeamMesh.uasset" 226
"../../../../../../Users/digit/Desktop/vrcade/Content/Blueprints/BP_MotionController.uasset" 227
"../../../../../../Users/digit/Desktop/vrcade/Content/Meshes/skeeball/mat_Black.uasset" 228
"../../../../../../Users/digit/Desktop/vrcade/Content/Meshes/skeeball/SM_bumpers.uasset" 229
"../../../../../../Users/digit/Desktop/vrcade/Content/Meshes/skeeball/mat_Track.uasset" 230
"../../../../../../Users/digit/Desktop/vrcade/Content/Meshes/skeeball/SM_skeeball00_backplate.uasset" 231
"../../../../../../Users/digit/Desktop/vrcade/Content/Meshes/skeeball/mat_Metal.uasset" 232
"../../../../../../Users/digit/Desktop/vrcade/Content/Meshes/skeeball/SM_skeeball00_cage.uasset" 233
"../../../../../../Users/digit/Desktop/vrcade/Content/Meshes/skeeball/SM_skeeball00_coinReturn.uasset" 234
"../../../../../../Users/digit/Desktop/vrcade/Content/Meshes/skeeball/SM_skeeball00_coinSlot.uasset" 235
"../../../../../../Users/digit/Desktop/vrcade/Content/Meshes/skeeball/mat_Goals.uasset" 236
"../../../../../../Users/digit/Desktop/vrcade/Content/Meshes/skeeball/SM_skeeball00_fiftyPts.uasset" 237
"../../../../../../Users/digit/Desktop/vrcade/Content/Meshes/skeeball/SM_skeeball00_fourtyPts.uasset" 238
"../../../../../../Users/digit/Desktop/vrcade/Content/Meshes/skeeball/mat_Glass.uasset" 239
"../../../../../../Users/digit/Desktop/vrcade/Content/Meshes/skeeball/SM_skeeball00_glassFront.uasset" 240
"../../../../../../Users/digit/Desktop/vrcade/Content/Meshes/skeeball/SM_skeeball00_glassLeft.uasset" 241
"../../../../../../Users/digit/Desktop/vrcade/Content/Meshes/skeeball/SM_skeeball00_glassRight.uasset" 242
"../../../../../../Users/digit/Desktop/vrcade/Content/Meshes/skeeball/SM_skeeball00_oneHundredPtsLeft.uasset" 243
"../../../../../../Users/digit/Desktop/vrcade/Content/Meshes/skeeball/SM_skeeball00_oneHundredPtsRight.uasset" 244
"../../../../../../Users/digit/Desktop/vrcade/Content/Meshes/skeeball/SM_skeeball00_screen.uasset" 245
"../../../../../../Users/digit/Desktop/vrcade/Content/Meshes/skeeball/mat_Case.uasset" 246
"../../../../../../Users/digit/Desktop/vrcade/Content/Meshes/skeeball/mat_Rubber.uasset" 247
"../../../../../../Users/digit/Desktop/vrcade/Content/Meshes/skeeball/SM_skeeball00_sides.uasset" 248
"../../../../../../Users/digit/Desktop/vrcade/Content/Meshes/skeeball/SM_skeeball00_tenPts.uasset" 249
"../../../../../../Users/digit/Desktop/vrcade/Content/Meshes/skeeball/SM_skeeball00_thirtyPts.uasset" 250
"../../../../../../Users/digit/Desktop/vrcade/Content/Meshes/skeeball/SM_skeeball00_topPart.uasset" 251
"../../../../../../Users/digit/Desktop/vrcade/Content/Meshes/skeeball/SM_skeeball00_track.uasset" 252
"../../../../../../Users/digit/Desktop/vrcade/Content/Meshes/skeeball/SM_skeeball00_trackFront.uasset" 253
"../../../../../../Users/digit/Desktop/vrcade/Content/Meshes/skeeball/SM_skeeball00_twentyPts.uasset" 254
"../../../../../../Users/digit/Desktop/vrcade/Content/Meshes/skeeball/SM_skeeball00_typeMesh2.uasset" 255
"../../../../../../Users/digit/Desktop/vrcade/Content/Meshes/skeeball/SM_skeeball00_typeMesh3.uasset" 256
"../../../../../../Users/digit/Desktop/vrcade/Content/Meshes/skeeball/SM_skeeball00_typeMesh4.uasset" 257
"../../../../../../Users/digit/Desktop/vrcade/Content/Meshes/skeeball/SM_skeeball00_typeMesh5.uasset" 258
"../../../../../../Users/digit/Desktop/vrcade/Content/Meshes/skeeball/SM_skeeball00_typeMesh6.uasset" 259
"../../../../../../Users/digit/Desktop/vrcade/Content/Meshes/skeeball/SM_skeeball00_typeMesh7.uasset" 260
"../../../../../../Users/digit/Desktop/vrcade/Content/Meshes/skeeball/SM_skeeball00_typeMesh8.uasset" 261
"../../../../../../Users/digit/Desktop/vrcade/Content/Sound/Arex_s_Beat_01.uasset" 262
"../../../../../../Users/digit/Desktop/vrcade/Content/Sound/ball_entering_hole.uasset" 263
"../../../../../../Users/digit/Desktop/vrcade/Content/Sound/first_set_of_balls.uasset" 264
"../../../../../../Users/digit/Desktop/vrcade/Content/Blueprints/BP_Skeeball.uasset" 265
"../../../Engine/Content/EngineSky/C_Sky_Cloud_Color.uasset" 266
"../../../Engine/Content/EngineSky/C_Sky_Horizon_Color.uasset" 267
"../../../Engine/Content/EngineSky/C_Sky_Zenith_Color.uasset" 268
"../../../Engine/Content/EngineSky/T_Sky_Blue.uasset" 269
"../../../Engine/Content/EngineSky/T_Sky_Clouds_M.uasset" 270
"../../../Engine/Content/EngineSky/T_Sky_Stars.uasset" 271
"../../../Engine/Content/EngineSky/M_Sky_Panning_Clouds2.uasset" 272
"../../../Engine/Content/EngineSky/SM_SkySphere.uasset" 273
"../../../Engine/Content/EngineSky/BP_Sky_Sphere.uasset" 274
"../../../../../../Users/digit/Desktop/vrcade/Content/VirtualRealityBP/Blueprints/MotionControllerPawn.uasset" 275
"../../../../../../Users/digit/Desktop/vrcade/Content/Levels/MotionControllerMap_BuiltData.uasset" 276
"../../../../../../Users/digit/Desktop/vrcade/Content/Levels/MotionControllerMap.umap" 277
"../../../Engine/Content/Maps/Entry_BuiltData.uasset" 278
"../../../Engine/Content/Maps/Entry.umap" 279
